  game.cpp
e:\code\vs c++\game\game\game\game.cpp(40): warning C4305: аргумент: усечение из "double" в "float"
e:\code\vs c++\game\game\game\game.cpp(55): warning C4244: +=: преобразование "double" в "float", возможна потеря данных
e:\code\vs c++\game\game\game\game.cpp(69): warning C4244: инициализация: преобразование "T" в "int", возможна потеря данных
          with
          [
              T=float
          ]
e:\code\vs c++\game\game\game\game.cpp(71): warning C4244: инициализация: преобразование "T" в "int", возможна потеря данных
          with
          [
              T=float
          ]
e:\code\vs c++\game\game\game\game.cpp(76): warning C4244: =: преобразование "int" в "T", возможна потеря данных
          with
          [
              T=float
          ]
e:\code\vs c++\game\game\game\game.cpp(84): warning C4244: инициализация: преобразование "T" в "int", возможна потеря данных
          with
          [
              T=float
          ]
e:\code\vs c++\game\game\game\game.cpp(86): warning C4244: инициализация: преобразование "T" в "int", возможна потеря данных
          with
          [
              T=float
          ]
e:\code\vs c++\game\game\game\game.cpp(91): warning C4244: =: преобразование "int" в "T", возможна потеря данных
          with
          [
              T=float
          ]
e:\code\vs c++\game\game\game\game.cpp(121): warning C4244: инициализация: преобразование "sf::Int64" в "float", возможна потеря данных
e:\code\vs c++\game\game\game\game.cpp(136): warning C4305: -=: усечение из "double" в "float"
e:\code\vs c++\game\game\game\game.cpp(142): warning C4305: +=: усечение из "double" в "float"
e:\code\vs c++\game\game\game\game.cpp(147): warning C4305: -=: усечение из "double" в "float"
e:\code\vs c++\game\game\game\game.cpp(156): warning C4305: +=: усечение из "double" в "float"
e:\code\vs c++\game\game\game\game.cpp(174): warning C4244: аргумент: преобразование "int" в "float", возможна потеря данных
  game.vcxproj -> E:\code\VS C++\game\game\Debug\game.exe
